<?xml version="1.0" encoding="utf-8"?>
<coverage branch-rate="NaN" branches-covered="NaN" branches-valid="NaN" complexity="NaN"
          line-rate="0.51947"
          lines-covered="1147"
          lines-valid="2208"
          timestamp="1577015809.323"
          version="">
   <sources>
      <source>C:\Repos\personal\FEX\PhysicalQuantity\</source>
   </sources>
   <packages>
      <package branch-rate="NaN" complexity="NaN" line-rate="0.51947" name="">
         <classes>
            <class branch-rate="NaN" complexity="NaN" filename="PhysicalQuantity\Acceleration.m"
                   line-rate="0.5"
                   name="Acceleration">
               <methods>
                  <method branch-rate="NaN" line-rate="1" name="Acceleration"
                          signature="obj = Acceleration(varargin)">
                     <lines>
                        <line hits="50" number="12"/>
                     </lines>
                  </method>
                  <method branch-rate="NaN" line-rate="0" name="rand" signature="R = rand(varargin)">
                     <lines>
                        <line hits="0" number="18"/>
                     </lines>
                  </method>
               </methods>
               <lines>
                  <line hits="50" number="12"/>
                  <line hits="0" number="18"/>
               </lines>
            </class>
            <class branch-rate="NaN" complexity="NaN" filename="PhysicalQuantity\Admittance.m"
                   line-rate="0.33333"
                   name="Admittance">
               <methods>
                  <method branch-rate="NaN" line-rate="1" name="Admittance"
                          signature="obj = Admittance(varargin)">
                     <lines>
                        <line hits="50" number="7"/>
                     </lines>
                  </method>
                  <method branch-rate="NaN" line-rate="0" name="imag" signature="J = imag(obj)">
                     <lines>
                        <line hits="0" number="13"/>
                     </lines>
                  </method>
                  <method branch-rate="NaN" line-rate="0" name="real" signature="R = real(obj)">
                     <lines>
                        <line hits="0" number="16"/>
                     </lines>
                  </method>
               </methods>
               <lines>
                  <line hits="50" number="7"/>
                  <line hits="0" number="13"/>
                  <line hits="0" number="16"/>
               </lines>
            </class>
            <class branch-rate="NaN" complexity="NaN"
                   filename="PhysicalQuantity\AmountOfSubstance.m"
                   line-rate="0.5"
                   name="AmountOfSubstance">
               <methods>
                  <method branch-rate="NaN" line-rate="1" name="AmountOfSubstance"
                          signature="obj = AmountOfSubstance(varargin)">
                     <lines>
                        <line hits="64" number="11"/>
                     </lines>
                  </method>
                  <method branch-rate="NaN" line-rate="0" name="rand" signature="R = rand(varargin)">
                     <lines>
                        <line hits="0" number="17"/>
                     </lines>
                  </method>
               </methods>
               <lines>
                  <line hits="64" number="11"/>
                  <line hits="0" number="17"/>
               </lines>
            </class>
            <class branch-rate="NaN" complexity="NaN" filename="PhysicalQuantity\Angle.m"
                   line-rate="0.59259"
                   name="Angle">
               <methods>
                  <method branch-rate="NaN" line-rate="1" name="Angle" signature="obj = Angle(varargin)">
                     <lines>
                        <line hits="293" number="14"/>
                     </lines>
                  </method>
                  <method branch-rate="NaN" line-rate="NaN" name="sin" signature="v = sin(obj)">
                     <lines/>
                  </method>
                  <method branch-rate="NaN" line-rate="NaN" name="cos" signature="v = cos(obj)">
                     <lines/>
                  </method>
                  <method branch-rate="NaN" line-rate="NaN" name="tan" signature="v = tan(obj)">
                     <lines/>
                  </method>
                  <method branch-rate="NaN" line-rate="NaN" name="csc" signature="v = csc(obj)">
                     <lines/>
                  </method>
                  <method branch-rate="NaN" line-rate="NaN" name="sec" signature="v = sec(obj)">
                     <lines/>
                  </method>
                  <method branch-rate="NaN" line-rate="NaN" name="cot" signature="v = cot(obj)">
                     <lines/>
                  </method>
                  <method branch-rate="NaN" line-rate="0.5" name="asin"
                          signature="new_obj = asin(A, varargin)">
                     <lines>
                        <line hits="3" number="33"/>
                        <line hits="0" number="34"/>
                     </lines>
                  </method>
                  <method branch-rate="NaN" line-rate="0.5" name="acos"
                          signature="new_obj = acos(A, varargin)">
                     <lines>
                        <line hits="3" number="37"/>
                        <line hits="0" number="38"/>
                     </lines>
                  </method>
                  <method branch-rate="NaN" line-rate="0.5" name="atan"
                          signature="new_obj = atan(A, varargin)">
                     <lines>
                        <line hits="3" number="41"/>
                        <line hits="0" number="42"/>
                     </lines>
                  </method>
                  <method branch-rate="NaN" line-rate="0" name="atan2"
                          signature="new_obj = atan2(A, B, varargin)">
                     <lines>
                        <line hits="0" number="45"/>
                        <line hits="0" number="46"/>
                     </lines>
                  </method>
                  <method branch-rate="NaN" line-rate="0.5" name="acsc"
                          signature="new_obj = acsc(A, varargin)">
                     <lines>
                        <line hits="3" number="50"/>
                        <line hits="0" number="51"/>
                     </lines>
                  </method>
                  <method branch-rate="NaN" line-rate="0.5" name="asec"
                          signature="new_obj = asec(A, varargin)">
                     <lines>
                        <line hits="3" number="54"/>
                        <line hits="0" number="55"/>
                     </lines>
                  </method>
                  <method branch-rate="NaN" line-rate="0.5" name="acot"
                          signature="new_obj = acot(A, varargin)">
                     <lines>
                        <line hits="3" number="58"/>
                        <line hits="0" number="59"/>
                     </lines>
                  </method>
                  <method branch-rate="NaN" line-rate="0" name="rand" signature="R = rand(varargin)">
                     <lines>
                        <line hits="0" number="67"/>
                     </lines>
                  </method>
               </methods>
               <lines>
                  <line hits="293" number="14"/>
                  <line hits="3" number="33"/>
                  <line hits="0" number="34"/>
                  <line hits="3" number="37"/>
                  <line hits="0" number="38"/>
                  <line hits="3" number="41"/>
                  <line hits="0" number="42"/>
                  <line hits="0" number="45"/>
                  <line hits="0" number="46"/>
                  <line hits="3" number="50"/>
                  <line hits="0" number="51"/>
                  <line hits="3" number="54"/>
                  <line hits="0" number="55"/>
                  <line hits="3" number="58"/>
                  <line hits="0" number="59"/>
                  <line hits="0" number="67"/>
                  <line hits="18" number="76"/>
                  <line hits="0" number="78"/>
                  <line hits="0" number="79"/>
                  <line hits="0" number="81"/>
                  <line hits="0" number="83"/>
                  <line hits="0" number="84"/>
                  <line hits="0" number="85"/>
                  <line hits="0" number="86"/>
                  <line hits="0" number="87"/>
                  <line hits="0" number="88"/>
                  <line hits="0" number="89"/>
                  <line hits="0" number="92"/>
                  <line hits="0" number="94"/>
                  <line hits="18" number="96"/>
                  <line hits="18" number="97"/>
                  <line hits="12" number="98"/>
                  <line hits="12" number="99"/>
                  <line hits="12" number="100"/>
                  <line hits="12" number="101"/>
                  <line hits="18" number="102"/>
                  <line hits="18" number="103"/>
                  <line hits="18" number="105"/>
                  <line hits="18" number="112"/>
                  <line hits="0" number="113"/>
                  <line hits="18" number="114"/>
                  <line hits="18" number="115"/>
                  <line hits="18" number="116"/>
                  <line hits="18" number="117"/>
                  <line hits="18" number="118"/>
                  <line hits="18" number="124"/>
                  <line hits="12" number="125"/>
                  <line hits="12" number="127"/>
                  <line hits="12" number="128"/>
                  <line hits="6" number="129"/>
                  <line hits="6" number="130"/>
                  <line hits="6" number="131"/>
                  <line hits="6" number="132"/>
                  <line hits="6" number="133"/>
               </lines>
            </class>
            <class branch-rate="NaN" complexity="NaN"
                   filename="PhysicalQuantity\AngularAcceleration.m"
                   line-rate="0.5"
                   name="AngularAcceleration">
               <methods>
                  <method branch-rate="NaN" line-rate="1" name="AngularAcceleration"
                          signature="obj = AngularAcceleration(varargin)">
                     <lines>
                        <line hits="50" number="12"/>
                     </lines>
                  </method>
                  <method branch-rate="NaN" line-rate="0" name="rand" signature="R = rand(varargin)">
                     <lines>
                        <line hits="0" number="18"/>
                     </lines>
                  </method>
               </methods>
               <lines>
                  <line hits="50" number="12"/>
                  <line hits="0" number="18"/>
               </lines>
            </class>
            <class branch-rate="NaN" complexity="NaN"
                   filename="PhysicalQuantity\AngularMomentum.m"
                   line-rate="0.5"
                   name="AngularMomentum">
               <methods>
                  <method branch-rate="NaN" line-rate="1" name="AngularMomentum"
                          signature="obj = AngularMomentum(varargin)">
                     <lines>
                        <line hits="50" number="12"/>
                     </lines>
                  </method>
                  <method branch-rate="NaN" line-rate="0" name="rand" signature="R = rand(varargin)">
                     <lines>
                        <line hits="0" number="18"/>
                     </lines>
                  </method>
               </methods>
               <lines>
                  <line hits="50" number="12"/>
                  <line hits="0" number="18"/>
               </lines>
            </class>
            <class branch-rate="NaN" complexity="NaN" filename="PhysicalQuantity\AngularSpeed.m"
                   line-rate="0.5"
                   name="AngularSpeed">
               <methods>
                  <method branch-rate="NaN" line-rate="1" name="AngularSpeed"
                          signature="obj = AngularSpeed(varargin)">
                     <lines>
                        <line hits="50" number="12"/>
                     </lines>
                  </method>
                  <method branch-rate="NaN" line-rate="0" name="rand" signature="R = rand(varargin)">
                     <lines>
                        <line hits="0" number="18"/>
                     </lines>
                  </method>
               </methods>
               <lines>
                  <line hits="50" number="12"/>
                  <line hits="0" number="18"/>
               </lines>
            </class>
            <class branch-rate="NaN" complexity="NaN" filename="PhysicalQuantity\Area.m"
                   line-rate="0.5"
                   name="Area">
               <methods>
                  <method branch-rate="NaN" line-rate="1" name="Area" signature="obj = Area(varargin)">
                     <lines>
                        <line hits="136" number="12"/>
                     </lines>
                  </method>
                  <method branch-rate="NaN" line-rate="0" name="rand" signature="R = rand(varargin)">
                     <lines>
                        <line hits="0" number="18"/>
                     </lines>
                  </method>
               </methods>
               <lines>
                  <line hits="136" number="12"/>
                  <line hits="0" number="18"/>
               </lines>
            </class>
            <class branch-rate="NaN" complexity="NaN" filename="PhysicalQuantity\Capacitance.m"
                   line-rate="0.5"
                   name="Capacitance">
               <methods>
                  <method branch-rate="NaN" line-rate="1" name="Capacitance"
                          signature="obj = Capacitance(varargin)">
                     <lines>
                        <line hits="70" number="12"/>
                     </lines>
                  </method>
                  <method branch-rate="NaN" line-rate="0" name="rand" signature="R = rand(varargin)">
                     <lines>
                        <line hits="0" number="18"/>
                     </lines>
                  </method>
               </methods>
               <lines>
                  <line hits="70" number="12"/>
                  <line hits="0" number="18"/>
               </lines>
            </class>
            <class branch-rate="NaN" complexity="NaN" filename="PhysicalQuantity\Charge.m"
                   line-rate="0.5"
                   name="Charge">
               <methods>
                  <method branch-rate="NaN" line-rate="1" name="Charge"
                          signature="obj = Charge(varargin)">
                     <lines>
                        <line hits="50" number="12"/>
                     </lines>
                  </method>
                  <method branch-rate="NaN" line-rate="0" name="rand" signature="R = rand(varargin)">
                     <lines>
                        <line hits="0" number="18"/>
                     </lines>
                  </method>
               </methods>
               <lines>
                  <line hits="50" number="12"/>
                  <line hits="0" number="18"/>
               </lines>
            </class>
            <class branch-rate="NaN" complexity="NaN" filename="PhysicalQuantity\Conductance.m"
                   line-rate="0.5"
                   name="Conductance">
               <methods>
                  <method branch-rate="NaN" line-rate="1" name="Conductance"
                          signature="obj = Conductance(varargin)">
                     <lines>
                        <line hits="182" number="12"/>
                     </lines>
                  </method>
                  <method branch-rate="NaN" line-rate="0" name="rand" signature="R = rand(varargin)">
                     <lines>
                        <line hits="0" number="18"/>
                     </lines>
                  </method>
               </methods>
               <lines>
                  <line hits="182" number="12"/>
                  <line hits="0" number="18"/>
               </lines>
            </class>
            <class branch-rate="NaN" complexity="NaN" filename="PhysicalQuantity\Contents.m"
                   line-rate="NaN"
                   name="Contents">
               <methods/>
               <lines/>
            </class>
            <class branch-rate="NaN" complexity="NaN" filename="PhysicalQuantity\Crackle.m"
                   line-rate="0.5"
                   name="Crackle">
               <methods>
                  <method branch-rate="NaN" line-rate="1" name="Crackle"
                          signature="obj = Crackle(varargin)">
                     <lines>
                        <line hits="50" number="12"/>
                     </lines>
                  </method>
                  <method branch-rate="NaN" line-rate="0" name="rand" signature="R = rand(varargin)">
                     <lines>
                        <line hits="0" number="18"/>
                     </lines>
                  </method>
               </methods>
               <lines>
                  <line hits="50" number="12"/>
                  <line hits="0" number="18"/>
               </lines>
            </class>
            <class branch-rate="NaN" complexity="NaN" filename="PhysicalQuantity\Current.m"
                   line-rate="0.5"
                   name="Current">
               <methods>
                  <method branch-rate="NaN" line-rate="1" name="Current"
                          signature="obj = Current(varargin)">
                     <lines>
                        <line hits="64" number="11"/>
                     </lines>
                  </method>
                  <method branch-rate="NaN" line-rate="0" name="rand" signature="R = rand(varargin)">
                     <lines>
                        <line hits="0" number="17"/>
                     </lines>
                  </method>
               </methods>
               <lines>
                  <line hits="64" number="11"/>
                  <line hits="0" number="17"/>
               </lines>
            </class>
            <class branch-rate="NaN" complexity="NaN" filename="PhysicalQuantity\Density.m"
                   line-rate="0.5"
                   name="Density">
               <methods>
                  <method branch-rate="NaN" line-rate="1" name="Density"
                          signature="obj = Density(varargin)">
                     <lines>
                        <line hits="51" number="12"/>
                     </lines>
                  </method>
                  <method branch-rate="NaN" line-rate="0" name="rand" signature="R = rand(varargin)">
                     <lines>
                        <line hits="0" number="18"/>
                     </lines>
                  </method>
               </methods>
               <lines>
                  <line hits="51" number="12"/>
                  <line hits="0" number="18"/>
               </lines>
            </class>
            <class branch-rate="NaN" complexity="NaN" filename="PhysicalQuantity\Dimensionless.m"
                   line-rate="0.75"
                   name="Dimensionless">
               <methods>
                  <method branch-rate="NaN" line-rate="1" name="Dimensionless"
                          signature="obj = Dimensionless(varargin)">
                     <lines>
                        <line hits="63" number="21"/>
                        <line hits="60" number="24"/>
                        <line hits="60" number="25"/>
                     </lines>
                  </method>
                  <method branch-rate="NaN" line-rate="0" name="rand" signature="R = rand(varargin)">
                     <lines>
                        <line hits="0" number="34"/>
                     </lines>
                  </method>
               </methods>
               <lines>
                  <line hits="63" number="21"/>
                  <line hits="60" number="24"/>
                  <line hits="60" number="25"/>
                  <line hits="0" number="34"/>
               </lines>
            </class>
            <class branch-rate="NaN" complexity="NaN" filename="PhysicalQuantity\Displacement.m"
                   line-rate="1"
                   name="Displacement">
               <methods>
                  <method branch-rate="NaN" line-rate="1" name="Displacement"
                          signature="obj = Displacement(varargin)">
                     <lines>
                        <line hits="50" number="7"/>
                     </lines>
                  </method>
               </methods>
               <lines>
                  <line hits="50" number="7"/>
               </lines>
            </class>
            <class branch-rate="NaN" complexity="NaN" filename="PhysicalQuantity\Distance.m"
                   line-rate="1"
                   name="Distance">
               <methods>
                  <method branch-rate="NaN" line-rate="1" name="Distance"
                          signature="obj = Distance(varargin)">
                     <lines>
                        <line hits="50" number="7"/>
                     </lines>
                  </method>
               </methods>
               <lines>
                  <line hits="50" number="7"/>
               </lines>
            </class>
            <class branch-rate="NaN" complexity="NaN" filename="PhysicalQuantity\Duration.m"
                   line-rate="1"
                   name="Duration">
               <methods>
                  <method branch-rate="NaN" line-rate="1" name="Duration"
                          signature="obj = Duration(varargin)">
                     <lines>
                        <line hits="50" number="7"/>
                     </lines>
                  </method>
               </methods>
               <lines>
                  <line hits="50" number="7"/>
               </lines>
            </class>
            <class branch-rate="NaN" complexity="NaN" filename="PhysicalQuantity\Energy.m"
                   line-rate="0.5"
                   name="Energy">
               <methods>
                  <method branch-rate="NaN" line-rate="1" name="Energy"
                          signature="obj = Energy(varargin)">
                     <lines>
                        <line hits="210" number="12"/>
                     </lines>
                  </method>
                  <method branch-rate="NaN" line-rate="0" name="rand" signature="R = rand(varargin)">
                     <lines>
                        <line hits="0" number="18"/>
                     </lines>
                  </method>
               </methods>
               <lines>
                  <line hits="210" number="12"/>
                  <line hits="0" number="18"/>
               </lines>
            </class>
            <class branch-rate="NaN" complexity="NaN" filename="PhysicalQuantity\Enthalpy.m"
                   line-rate="1"
                   name="Enthalpy">
               <methods>
                  <method branch-rate="NaN" line-rate="1" name="Enthalpy"
                          signature="obj = Enthalpy(varargin)">
                     <lines>
                        <line hits="50" number="7"/>
                     </lines>
                  </method>
               </methods>
               <lines>
                  <line hits="50" number="7"/>
               </lines>
            </class>
            <class branch-rate="NaN" complexity="NaN" filename="PhysicalQuantity\Epoch.m"
                   line-rate="0"
                   name="Epoch">
               <methods>
                  <method branch-rate="NaN" line-rate="0" name="Epoch" signature="obj = Epoch(varargin)">
                     <lines>
                        <line hits="0" number="21"/>
                     </lines>
                  </method>
               </methods>
               <lines>
                  <line hits="0" number="21"/>
               </lines>
            </class>
            <class branch-rate="NaN" complexity="NaN" filename="PhysicalQuantity\Force.m"
                   line-rate="0.5"
                   name="Force">
               <methods>
                  <method branch-rate="NaN" line-rate="1" name="Force" signature="obj = Force(varargin)">
                     <lines>
                        <line hits="143" number="12"/>
                     </lines>
                  </method>
                  <method branch-rate="NaN" line-rate="0" name="rand" signature="R = rand(varargin)">
                     <lines>
                        <line hits="0" number="18"/>
                     </lines>
                  </method>
               </methods>
               <lines>
                  <line hits="143" number="12"/>
                  <line hits="0" number="18"/>
               </lines>
            </class>
            <class branch-rate="NaN" complexity="NaN" filename="PhysicalQuantity\Frequency.m"
                   line-rate="0.5"
                   name="Frequency">
               <methods>
                  <method branch-rate="NaN" line-rate="1" name="Frequency"
                          signature="obj = Frequency(varargin)">
                     <lines>
                        <line hits="50" number="12"/>
                     </lines>
                  </method>
                  <method branch-rate="NaN" line-rate="0" name="rand" signature="R = rand(varargin)">
                     <lines>
                        <line hits="0" number="18"/>
                     </lines>
                  </method>
               </methods>
               <lines>
                  <line hits="50" number="12"/>
                  <line hits="0" number="18"/>
               </lines>
            </class>
            <class branch-rate="NaN" complexity="NaN" filename="PhysicalQuantity\Impedance.m"
                   line-rate="0.33333"
                   name="Impedance">
               <methods>
                  <method branch-rate="NaN" line-rate="1" name="Impedance"
                          signature="obj = Impedance(varargin)">
                     <lines>
                        <line hits="50" number="7"/>
                     </lines>
                  </method>
                  <method branch-rate="NaN" line-rate="0" name="imag" signature="J = imag(obj)">
                     <lines>
                        <line hits="0" number="13"/>
                     </lines>
                  </method>
                  <method branch-rate="NaN" line-rate="0" name="real" signature="R = real(obj)">
                     <lines>
                        <line hits="0" number="16"/>
                     </lines>
                  </method>
               </methods>
               <lines>
                  <line hits="50" number="7"/>
                  <line hits="0" number="13"/>
                  <line hits="0" number="16"/>
               </lines>
            </class>
            <class branch-rate="NaN" complexity="NaN" filename="PhysicalQuantity\Inductance.m"
                   line-rate="0.5"
                   name="Inductance">
               <methods>
                  <method branch-rate="NaN" line-rate="1" name="Inductance"
                          signature="obj = Inductance(varargin)">
                     <lines>
                        <line hits="64" number="12"/>
                     </lines>
                  </method>
                  <method branch-rate="NaN" line-rate="0" name="rand" signature="R = rand(varargin)">
                     <lines>
                        <line hits="0" number="18"/>
                     </lines>
                  </method>
               </methods>
               <lines>
                  <line hits="64" number="12"/>
                  <line hits="0" number="18"/>
               </lines>
            </class>
            <class branch-rate="NaN" complexity="NaN" filename="PhysicalQuantity\Jerk.m"
                   line-rate="0.5"
                   name="Jerk">
               <methods>
                  <method branch-rate="NaN" line-rate="1" name="Jerk" signature="obj = Jerk(varargin)">
                     <lines>
                        <line hits="102" number="12"/>
                     </lines>
                  </method>
                  <method branch-rate="NaN" line-rate="0" name="rand" signature="R = rand(varargin)">
                     <lines>
                        <line hits="0" number="18"/>
                     </lines>
                  </method>
               </methods>
               <lines>
                  <line hits="102" number="12"/>
                  <line hits="0" number="18"/>
               </lines>
            </class>
            <class branch-rate="NaN" complexity="NaN" filename="PhysicalQuantity\Length.m"
                   line-rate="0.5"
                   name="Length">
               <methods>
                  <method branch-rate="NaN" line-rate="1" name="Length"
                          signature="obj = Length(varargin)">
                     <lines>
                        <line hits="462" number="11"/>
                     </lines>
                  </method>
                  <method branch-rate="NaN" line-rate="0" name="rand" signature="R = rand(varargin)">
                     <lines>
                        <line hits="0" number="17"/>
                     </lines>
                  </method>
               </methods>
               <lines>
                  <line hits="462" number="11"/>
                  <line hits="0" number="17"/>
               </lines>
            </class>
            <class branch-rate="NaN" complexity="NaN" filename="PhysicalQuantity\LinearMomentum.m"
                   line-rate="1"
                   name="LinearMomentum">
               <methods>
                  <method branch-rate="NaN" line-rate="1" name="LinearMomentum"
                          signature="obj = LinearMomentum(varargin)">
                     <lines>
                        <line hits="50" number="7"/>
                     </lines>
                  </method>
               </methods>
               <lines>
                  <line hits="50" number="7"/>
               </lines>
            </class>
            <class branch-rate="NaN" complexity="NaN"
                   filename="PhysicalQuantity\LuminousIntensity.m"
                   line-rate="0.5"
                   name="LuminousIntensity">
               <methods>
                  <method branch-rate="NaN" line-rate="1" name="LuminousIntensity"
                          signature="obj = LuminousIntensity(varargin)">
                     <lines>
                        <line hits="64" number="11"/>
                     </lines>
                  </method>
                  <method branch-rate="NaN" line-rate="0" name="rand" signature="R = rand(varargin)">
                     <lines>
                        <line hits="0" number="17"/>
                     </lines>
                  </method>
               </methods>
               <lines>
                  <line hits="64" number="11"/>
                  <line hits="0" number="17"/>
               </lines>
            </class>
            <class branch-rate="NaN" complexity="NaN" filename="PhysicalQuantity\MagneticFlux.m"
                   line-rate="0.5"
                   name="MagneticFlux">
               <methods>
                  <method branch-rate="NaN" line-rate="1" name="MagneticFlux"
                          signature="obj = MagneticFlux(varargin)">
                     <lines>
                        <line hits="73" number="12"/>
                     </lines>
                  </method>
                  <method branch-rate="NaN" line-rate="0" name="rand" signature="R = rand(varargin)">
                     <lines>
                        <line hits="0" number="18"/>
                     </lines>
                  </method>
               </methods>
               <lines>
                  <line hits="73" number="12"/>
                  <line hits="0" number="18"/>
               </lines>
            </class>
            <class branch-rate="NaN" complexity="NaN"
                   filename="PhysicalQuantity\MagneticFluxDensity.m"
                   line-rate="0.5"
                   name="MagneticFluxDensity">
               <methods>
                  <method branch-rate="NaN" line-rate="1" name="MagneticFluxDensity"
                          signature="obj = MagneticFluxDensity(varargin)">
                     <lines>
                        <line hits="79" number="12"/>
                     </lines>
                  </method>
                  <method branch-rate="NaN" line-rate="0" name="rand" signature="R = rand(varargin)">
                     <lines>
                        <line hits="0" number="18"/>
                     </lines>
                  </method>
               </methods>
               <lines>
                  <line hits="79" number="12"/>
                  <line hits="0" number="18"/>
               </lines>
            </class>
            <class branch-rate="NaN" complexity="NaN" filename="PhysicalQuantity\Mass.m"
                   line-rate="0.5"
                   name="Mass">
               <methods>
                  <method branch-rate="NaN" line-rate="1" name="Mass" signature="obj = Mass(varargin)">
                     <lines>
                        <line hits="209" number="11"/>
                     </lines>
                  </method>
                  <method branch-rate="NaN" line-rate="0" name="rand" signature="R = rand(varargin)">
                     <lines>
                        <line hits="0" number="17"/>
                     </lines>
                  </method>
               </methods>
               <lines>
                  <line hits="209" number="11"/>
                  <line hits="0" number="17"/>
               </lines>
            </class>
            <class branch-rate="NaN" complexity="NaN"
                   filename="PhysicalQuantity\MomentOfInertia.m"
                   line-rate="0.5"
                   name="MomentOfInertia">
               <methods>
                  <method branch-rate="NaN" line-rate="1" name="MomentOfInertia"
                          signature="obj = MomentOfInertia(varargin)">
                     <lines>
                        <line hits="50" number="12"/>
                     </lines>
                  </method>
                  <method branch-rate="NaN" line-rate="0" name="rand" signature="R = rand(varargin)">
                     <lines>
                        <line hits="0" number="18"/>
                     </lines>
                  </method>
               </methods>
               <lines>
                  <line hits="50" number="12"/>
                  <line hits="0" number="18"/>
               </lines>
            </class>
            <class branch-rate="NaN" complexity="NaN" filename="PhysicalQuantity\Momentum.m"
                   line-rate="0.5"
                   name="Momentum">
               <methods>
                  <method branch-rate="NaN" line-rate="1" name="Momentum"
                          signature="obj = Momentum(varargin)">
                     <lines>
                        <line hits="100" number="12"/>
                     </lines>
                  </method>
                  <method branch-rate="NaN" line-rate="0" name="rand" signature="R = rand(varargin)">
                     <lines>
                        <line hits="0" number="18"/>
                     </lines>
                  </method>
               </methods>
               <lines>
                  <line hits="100" number="12"/>
                  <line hits="0" number="18"/>
               </lines>
            </class>
            <class branch-rate="NaN" complexity="NaN" filename="PhysicalQuantity\PlanarAngle.m"
                   line-rate="1"
                   name="PlanarAngle">
               <methods>
                  <method branch-rate="NaN" line-rate="1" name="PlanarAngle"
                          signature="obj = PlanarAngle(varargin)">
                     <lines>
                        <line hits="49" number="7"/>
                     </lines>
                  </method>
               </methods>
               <lines>
                  <line hits="49" number="7"/>
               </lines>
            </class>
            <class branch-rate="NaN" complexity="NaN" filename="PhysicalQuantity\Pop.m"
                   line-rate="0.5"
                   name="Pop">
               <methods>
                  <method branch-rate="NaN" line-rate="1" name="Pop" signature="obj = Pop(varargin)">
                     <lines>
                        <line hits="50" number="12"/>
                     </lines>
                  </method>
                  <method branch-rate="NaN" line-rate="0" name="rand" signature="R = rand(varargin)">
                     <lines>
                        <line hits="0" number="18"/>
                     </lines>
                  </method>
               </methods>
               <lines>
                  <line hits="50" number="12"/>
                  <line hits="0" number="18"/>
               </lines>
            </class>
            <class branch-rate="NaN" complexity="NaN" filename="PhysicalQuantity\Potential.m"
                   line-rate="0.5"
                   name="Potential">
               <methods>
                  <method branch-rate="NaN" line-rate="1" name="Potential"
                          signature="obj = Potential(varargin)">
                     <lines>
                        <line hits="50" number="12"/>
                     </lines>
                  </method>
                  <method branch-rate="NaN" line-rate="0" name="rand" signature="R = rand(varargin)">
                     <lines>
                        <line hits="0" number="18"/>
                     </lines>
                  </method>
               </methods>
               <lines>
                  <line hits="50" number="12"/>
                  <line hits="0" number="18"/>
               </lines>
            </class>
            <class branch-rate="NaN" complexity="NaN" filename="PhysicalQuantity\Power.m"
                   line-rate="0.5"
                   name="Power">
               <methods>
                  <method branch-rate="NaN" line-rate="1" name="Power" signature="obj = Power(varargin)">
                     <lines>
                        <line hits="50" number="12"/>
                     </lines>
                  </method>
                  <method branch-rate="NaN" line-rate="0" name="rand" signature="R = rand(varargin)">
                     <lines>
                        <line hits="0" number="18"/>
                     </lines>
                  </method>
               </methods>
               <lines>
                  <line hits="50" number="12"/>
                  <line hits="0" number="18"/>
               </lines>
            </class>
            <class branch-rate="NaN" complexity="NaN" filename="PhysicalQuantity\Pressure.m"
                   line-rate="0.5"
                   name="Pressure">
               <methods>
                  <method branch-rate="NaN" line-rate="1" name="Pressure"
                          signature="obj = Pressure(varargin)">
                     <lines>
                        <line hits="88" number="12"/>
                     </lines>
                  </method>
                  <method branch-rate="NaN" line-rate="0" name="rand" signature="R = rand(varargin)">
                     <lines>
                        <line hits="0" number="18"/>
                     </lines>
                  </method>
               </methods>
               <lines>
                  <line hits="88" number="12"/>
                  <line hits="0" number="18"/>
               </lines>
            </class>
            <class branch-rate="NaN" complexity="NaN" filename="PhysicalQuantity\Reactance.m"
                   line-rate="1"
                   name="Reactance">
               <methods>
                  <method branch-rate="NaN" line-rate="1" name="Reactance"
                          signature="obj = Reactance(varargin)">
                     <lines>
                        <line hits="50" number="7"/>
                     </lines>
                  </method>
               </methods>
               <lines>
                  <line hits="50" number="7"/>
               </lines>
            </class>
            <class branch-rate="NaN" complexity="NaN" filename="PhysicalQuantity\Resistance.m"
                   line-rate="0.5"
                   name="Resistance">
               <methods>
                  <method branch-rate="NaN" line-rate="1" name="Resistance"
                          signature="obj = Resistance(varargin)">
                     <lines>
                        <line hits="191" number="12"/>
                     </lines>
                  </method>
                  <method branch-rate="NaN" line-rate="0" name="rand" signature="R = rand(varargin)">
                     <lines>
                        <line hits="0" number="18"/>
                     </lines>
                  </method>
               </methods>
               <lines>
                  <line hits="191" number="12"/>
                  <line hits="0" number="18"/>
               </lines>
            </class>
            <class branch-rate="NaN" complexity="NaN" filename="PhysicalQuantity\Snap.m"
                   line-rate="0.5"
                   name="Snap">
               <methods>
                  <method branch-rate="NaN" line-rate="1" name="Snap" signature="obj = Snap(varargin)">
                     <lines>
                        <line hits="50" number="12"/>
                     </lines>
                  </method>
                  <method branch-rate="NaN" line-rate="0" name="rand" signature="R = rand(varargin)">
                     <lines>
                        <line hits="0" number="18"/>
                     </lines>
                  </method>
               </methods>
               <lines>
                  <line hits="50" number="12"/>
                  <line hits="0" number="18"/>
               </lines>
            </class>
            <class branch-rate="NaN" complexity="NaN" filename="PhysicalQuantity\SolidAngle.m"
                   line-rate="0.5"
                   name="SolidAngle">
               <methods>
                  <method branch-rate="NaN" line-rate="1" name="SolidAngle"
                          signature="obj = SolidAngle(varargin)">
                     <lines>
                        <line hits="157" number="14"/>
                     </lines>
                  </method>
                  <method branch-rate="NaN" line-rate="0" name="rand" signature="R = rand(varargin)">
                     <lines>
                        <line hits="0" number="20"/>
                     </lines>
                  </method>
               </methods>
               <lines>
                  <line hits="157" number="14"/>
                  <line hits="0" number="20"/>
               </lines>
            </class>
            <class branch-rate="NaN" complexity="NaN"
                   filename="PhysicalQuantity\SpecificAngularMomentum.m"
                   line-rate="0.5"
                   name="SpecificAngularMomentum">
               <methods>
                  <method branch-rate="NaN" line-rate="1" name="SpecificAngularMomentum"
                          signature="obj = SpecificAngularMomentum(varargin)">
                     <lines>
                        <line hits="50" number="12"/>
                     </lines>
                  </method>
                  <method branch-rate="NaN" line-rate="0" name="rand" signature="R = rand(varargin)">
                     <lines>
                        <line hits="0" number="18"/>
                     </lines>
                  </method>
               </methods>
               <lines>
                  <line hits="50" number="12"/>
                  <line hits="0" number="18"/>
               </lines>
            </class>
            <class branch-rate="NaN" complexity="NaN" filename="PhysicalQuantity\SpecificEnergy.m"
                   line-rate="0.5"
                   name="SpecificEnergy">
               <methods>
                  <method branch-rate="NaN" line-rate="1" name="SpecificEnergy"
                          signature="obj = SpecificEnergy(varargin)">
                     <lines>
                        <line hits="50" number="12"/>
                     </lines>
                  </method>
                  <method branch-rate="NaN" line-rate="0" name="rand" signature="R = rand(varargin)">
                     <lines>
                        <line hits="0" number="18"/>
                     </lines>
                  </method>
               </methods>
               <lines>
                  <line hits="50" number="12"/>
                  <line hits="0" number="18"/>
               </lines>
            </class>
            <class branch-rate="NaN" complexity="NaN" filename="PhysicalQuantity\Speed.m"
                   line-rate="0.5"
                   name="Speed">
               <methods>
                  <method branch-rate="NaN" line-rate="1" name="Speed" signature="obj = Speed(varargin)">
                     <lines>
                        <line hits="81" number="12"/>
                     </lines>
                  </method>
                  <method branch-rate="NaN" line-rate="0" name="rand" signature="R = rand(varargin)">
                     <lines>
                        <line hits="0" number="18"/>
                     </lines>
                  </method>
               </methods>
               <lines>
                  <line hits="81" number="12"/>
                  <line hits="0" number="18"/>
               </lines>
            </class>
            <class branch-rate="NaN" complexity="NaN" filename="PhysicalQuantity\Susceptance.m"
                   line-rate="1"
                   name="Susceptance">
               <methods>
                  <method branch-rate="NaN" line-rate="1" name="Susceptance"
                          signature="obj = Susceptance(varargin)">
                     <lines>
                        <line hits="50" number="7"/>
                     </lines>
                  </method>
               </methods>
               <lines>
                  <line hits="50" number="7"/>
               </lines>
            </class>
            <class branch-rate="NaN" complexity="NaN" filename="PhysicalQuantity\Temperature.m"
                   line-rate="0.5"
                   name="Temperature">
               <methods>
                  <method branch-rate="NaN" line-rate="1" name="Temperature"
                          signature="obj = Temperature(varargin)">
                     <lines>
                        <line hits="64" number="11"/>
                     </lines>
                  </method>
                  <method branch-rate="NaN" line-rate="0" name="rand" signature="R = rand(varargin)">
                     <lines>
                        <line hits="0" number="17"/>
                     </lines>
                  </method>
               </methods>
               <lines>
                  <line hits="64" number="11"/>
                  <line hits="0" number="17"/>
               </lines>
            </class>
            <class branch-rate="NaN" complexity="NaN" filename="PhysicalQuantity\Time.m"
                   line-rate="0.5"
                   name="Time">
               <methods>
                  <method branch-rate="NaN" line-rate="1" name="Time" signature="obj = Time(varargin)">
                     <lines>
                        <line hits="410" number="11"/>
                     </lines>
                  </method>
                  <method branch-rate="NaN" line-rate="0" name="rand" signature="R = rand(varargin)">
                     <lines>
                        <line hits="0" number="17"/>
                     </lines>
                  </method>
               </methods>
               <lines>
                  <line hits="410" number="11"/>
                  <line hits="0" number="17"/>
               </lines>
            </class>
            <class branch-rate="NaN" complexity="NaN" filename="PhysicalQuantity\Torque.m"
                   line-rate="0.5"
                   name="Torque">
               <methods>
                  <method branch-rate="NaN" line-rate="1" name="Torque"
                          signature="obj = Torque(varargin)">
                     <lines>
                        <line hits="50" number="12"/>
                     </lines>
                  </method>
                  <method branch-rate="NaN" line-rate="0" name="rand" signature="R = rand(varargin)">
                     <lines>
                        <line hits="0" number="18"/>
                     </lines>
                  </method>
               </methods>
               <lines>
                  <line hits="50" number="12"/>
                  <line hits="0" number="18"/>
               </lines>
            </class>
            <class branch-rate="NaN" complexity="NaN" filename="PhysicalQuantity\Viscocity.m"
                   line-rate="0.5"
                   name="Viscocity">
               <methods>
                  <method branch-rate="NaN" line-rate="1" name="Viscocity"
                          signature="obj = Viscocity(varargin)">
                     <lines>
                        <line hits="50" number="12"/>
                     </lines>
                  </method>
                  <method branch-rate="NaN" line-rate="0" name="rand" signature="R = rand(varargin)">
                     <lines>
                        <line hits="0" number="18"/>
                     </lines>
                  </method>
               </methods>
               <lines>
                  <line hits="50" number="12"/>
                  <line hits="0" number="18"/>
               </lines>
            </class>
            <class branch-rate="NaN" complexity="NaN" filename="PhysicalQuantity\Volume.m"
                   line-rate="0.5"
                   name="Volume">
               <methods>
                  <method branch-rate="NaN" line-rate="1" name="Volume"
                          signature="obj = Volume(varargin)">
                     <lines>
                        <line hits="64" number="12"/>
                     </lines>
                  </method>
                  <method branch-rate="NaN" line-rate="0" name="rand" signature="R = rand(varargin)">
                     <lines>
                        <line hits="0" number="18"/>
                     </lines>
                  </method>
               </methods>
               <lines>
                  <line hits="64" number="12"/>
                  <line hits="0" number="18"/>
               </lines>
            </class>
            <class branch-rate="NaN" complexity="NaN" filename="PhysicalQuantity\Wavenumber.m"
                   line-rate="0.5"
                   name="Wavenumber">
               <methods>
                  <method branch-rate="NaN" line-rate="1" name="Wavenumber"
                          signature="obj = Wavenumber(varargin)">
                     <lines>
                        <line hits="50" number="12"/>
                     </lines>
                  </method>
                  <method branch-rate="NaN" line-rate="0" name="rand" signature="R = rand(varargin)">
                     <lines>
                        <line hits="0" number="18"/>
                     </lines>
                  </method>
               </methods>
               <lines>
                  <line hits="50" number="12"/>
                  <line hits="0" number="18"/>
               </lines>
            </class>
            <class branch-rate="NaN" complexity="NaN" filename="PhysicalVectorQuantity\Contents.m"
                   line-rate="NaN"
                   name="Contents">
               <methods/>
               <lines/>
            </class>
            <class branch-rate="NaN" complexity="NaN" filename="PhysicalVectorQuantity\Point.m"
                   line-rate="0"
                   name="Point">
               <methods>
                  <method branch-rate="NaN" line-rate="0" name="Point" signature="obj = Point(varargin)">
                     <lines>
                        <line hits="0" number="7"/>
                     </lines>
                  </method>
               </methods>
               <lines>
                  <line hits="0" number="7"/>
               </lines>
            </class>
            <class branch-rate="NaN" complexity="NaN" filename="PhysicalVectorQuantity\Position.m"
                   line-rate="0"
                   name="Position">
               <methods>
                  <method branch-rate="NaN" line-rate="0" name="Position"
                          signature="obj = Position(varargin)">
                     <lines>
                        <line hits="0" number="10"/>
                     </lines>
                  </method>
               </methods>
               <lines>
                  <line hits="0" number="10"/>
               </lines>
            </class>
            <class branch-rate="NaN" complexity="NaN" filename="PhysicalVectorQuantity\Vector.m"
                   line-rate="0"
                   name="Vector">
               <methods>
                  <method branch-rate="NaN" line-rate="0" name="Vector"
                          signature="obj = Vector(varargin)">
                     <lines>
                        <line hits="0" number="7"/>
                     </lines>
                  </method>
               </methods>
               <lines>
                  <line hits="0" number="7"/>
               </lines>
            </class>
            <class branch-rate="NaN" complexity="NaN" filename="PhysicalVectorQuantity\Velocity.m"
                   line-rate="0"
                   name="Velocity">
               <methods>
                  <method branch-rate="NaN" line-rate="0" name="Velocity"
                          signature="obj = Velocity(varargin)">
                     <lines>
                        <line hits="0" number="10"/>
                     </lines>
                  </method>
               </methods>
               <lines>
                  <line hits="0" number="10"/>
               </lines>
            </class>
            <class branch-rate="NaN" complexity="NaN" filename="PhysicalVectorQuantity\Vertex.m"
                   line-rate="0"
                   name="Vertex">
               <methods>
                  <method branch-rate="NaN" line-rate="0" name="Vertex"
                          signature="obj = Vertex(varargin)">
                     <lines>
                        <line hits="0" number="7"/>
                     </lines>
                  </method>
               </methods>
               <lines>
                  <line hits="0" number="7"/>
               </lines>
            </class>
            <class branch-rate="NaN" complexity="NaN" filename="test\jenkins.m" line-rate="0"
                   name="jenkins">
               <methods/>
               <lines>
                  <line hits="0" number="2"/>
                  <line hits="0" number="4"/>
                  <line hits="0" number="5"/>
                  <line hits="0" number="8"/>
                  <line hits="0" number="9"/>
                  <line hits="0" number="23"/>
                  <line hits="0" number="24"/>
                  <line hits="0" number="32"/>
                  <line hits="0" number="34"/>
                  <line hits="0" number="36"/>
                  <line hits="0" number="37"/>
               </lines>
            </class>
            <class branch-rate="NaN" complexity="NaN" filename="test\run_all_tests.m"
                   line-rate="0"
                   name="run_all_tests">
               <methods/>
               <lines>
                  <line hits="0" number="60"/>
                  <line hits="0" number="61"/>
                  <line hits="0" number="62"/>
                  <line hits="0" number="63"/>
                  <line hits="0" number="64"/>
                  <line hits="0" number="68"/>
                  <line hits="0" number="71"/>
                  <line hits="0" number="72"/>
                  <line hits="0" number="77"/>
                  <line hits="0" number="78"/>
                  <line hits="0" number="81"/>
                  <line hits="0" number="82"/>
                  <line hits="0" number="84"/>
                  <line hits="0" number="85"/>
                  <line hits="0" number="86"/>
                  <line hits="0" number="88"/>
                  <line hits="0" number="89"/>
                  <line hits="0" number="90"/>
                  <line hits="0" number="93"/>
                  <line hits="0" number="94"/>
                  <line hits="0" number="95"/>
                  <line hits="0" number="96"/>
                  <line hits="0" number="102"/>
                  <line hits="0" number="104"/>
                  <line hits="0" number="105"/>
                  <line hits="0" number="108"/>
                  <line hits="0" number="109"/>
                  <line hits="0" number="110"/>
                  <line hits="0" number="111"/>
                  <line hits="0" number="114"/>
                  <line hits="0" number="115"/>
                  <line hits="0" number="120"/>
                  <line hits="0" number="122"/>
                  <line hits="0" number="125"/>
                  <line hits="0" number="126"/>
                  <line hits="0" number="127"/>
                  <line hits="0" number="128"/>
                  <line hits="0" number="129"/>
                  <line hits="0" number="140"/>
                  <line hits="0" number="141"/>
                  <line hits="0" number="142"/>
                  <line hits="0" number="143"/>
                  <line hits="0" number="147"/>
                  <line hits="0" number="152"/>
                  <line hits="0" number="153"/>
                  <line hits="0" number="159"/>
                  <line hits="0" number="163"/>
                  <line hits="0" number="164"/>
                  <line hits="0" number="165"/>
                  <line hits="0" number="166"/>
                  <line hits="0" number="167"/>
                  <line hits="0" number="170"/>
                  <line hits="0" number="171"/>
                  <line hits="0" number="176"/>
                  <line hits="0" number="181"/>
                  <line hits="0" number="182"/>
                  <line hits="0" number="183"/>
                  <line hits="0" number="184"/>
                  <line hits="0" number="187"/>
                  <line hits="0" number="188"/>
                  <line hits="0" number="189"/>
                  <line hits="0" number="190"/>
                  <line hits="0" number="191"/>
                  <line hits="0" number="193"/>
                  <line hits="0" number="195"/>
                  <line hits="0" number="196"/>
                  <line hits="0" number="197"/>
                  <line hits="0" number="198"/>
                  <line hits="0" number="207"/>
                  <line hits="0" number="208"/>
                  <line hits="0" number="211"/>
                  <line hits="0" number="213"/>
                  <line hits="0" number="214"/>
                  <line hits="0" number="215"/>
                  <line hits="0" number="216"/>
                  <line hits="0" number="219"/>
                  <line hits="0" number="220"/>
                  <line hits="0" number="222"/>
                  <line hits="0" number="224"/>
                  <line hits="0" number="225"/>
                  <line hits="0" number="227"/>
                  <line hits="0" number="230"/>
                  <line hits="0" number="232"/>
                  <line hits="0" number="235"/>
                  <line hits="0" number="236"/>
                  <line hits="0" number="237"/>
                  <line hits="0" number="238"/>
                  <line hits="0" number="239"/>
                  <line hits="0" number="242"/>
                  <line hits="0" number="243"/>
                  <line hits="0" number="244"/>
                  <line hits="0" number="245"/>
                  <line hits="0" number="246"/>
                  <line hits="0" number="250"/>
                  <line hits="0" number="251"/>
                  <line hits="0" number="252"/>
                  <line hits="0" number="254"/>
                  <line hits="0" number="255"/>
                  <line hits="0" number="257"/>
                  <line hits="0" number="258"/>
               </lines>
            </class>
            <class branch-rate="NaN" complexity="NaN"
                   filename="PhysicalQuantity\framework\BaseUnitOfMeasurement.m"
                   line-rate="1"
                   name="BaseUnitOfMeasurement">
               <methods>
                  <method branch-rate="NaN" line-rate="1" name="BaseUnitOfMeasurement"
                          signature="obj = BaseUnitOfMeasurement(varargin)">
                     <lines>
                        <line hits="3857" number="6"/>
                     </lines>
                  </method>
               </methods>
               <lines>
                  <line hits="3857" number="6"/>
               </lines>
            </class>
            <class branch-rate="NaN" complexity="NaN"
                   filename="PhysicalQuantity\framework\DerivedUnitOfMeasurement.m"
                   line-rate="0.4"
                   name="DerivedUnitOfMeasurement">
               <methods>
                  <method branch-rate="NaN" line-rate="0.4" name="DerivedUnitOfMeasurement"
                          signature="obj = DerivedUnitOfMeasurement(varargin)">
                     <lines>
                        <line hits="3857" number="15"/>
                        <line hits="3857" number="16"/>
                        <line hits="3857" number="17"/>
                        <line hits="3857" number="19"/>
                        <line hits="1920" number="21"/>
                        <line hits="1920" number="24"/>
                        <line hits="1618" number="25"/>
                        <line hits="1618" number="26"/>
                        <line hits="0" number="29"/>
                        <line hits="0" number="32"/>
                        <line hits="0" number="33"/>
                        <line hits="0" number="36"/>
                        <line hits="0" number="37"/>
                        <line hits="0" number="39"/>
                        <line hits="0" number="41"/>
                        <line hits="0" number="42"/>
                        <line hits="0" number="44"/>
                        <line hits="0" number="45"/>
                        <line hits="0" number="47"/>
                        <line hits="0" number="48"/>
                        <line hits="0" number="54"/>
                        <line hits="0" number="55"/>
                        <line hits="3857" number="62"/>
                        <line hits="3857" number="65"/>
                        <line hits="1618" number="66"/>
                        <line hits="2239" number="69"/>
                        <line hits="0" number="70"/>
                        <line hits="0" number="71"/>
                        <line hits="0" number="72"/>
                        <line hits="0" number="73"/>
                     </lines>
                  </method>
               </methods>
               <lines>
                  <line hits="3857" number="15"/>
                  <line hits="3857" number="16"/>
                  <line hits="3857" number="17"/>
                  <line hits="3857" number="19"/>
                  <line hits="1920" number="21"/>
                  <line hits="1920" number="24"/>
                  <line hits="1618" number="25"/>
                  <line hits="1618" number="26"/>
                  <line hits="0" number="29"/>
                  <line hits="0" number="32"/>
                  <line hits="0" number="33"/>
                  <line hits="0" number="36"/>
                  <line hits="0" number="37"/>
                  <line hits="0" number="39"/>
                  <line hits="0" number="41"/>
                  <line hits="0" number="42"/>
                  <line hits="0" number="44"/>
                  <line hits="0" number="45"/>
                  <line hits="0" number="47"/>
                  <line hits="0" number="48"/>
                  <line hits="0" number="54"/>
                  <line hits="0" number="55"/>
                  <line hits="3857" number="62"/>
                  <line hits="3857" number="65"/>
                  <line hits="1618" number="66"/>
                  <line hits="2239" number="69"/>
                  <line hits="0" number="70"/>
                  <line hits="0" number="71"/>
                  <line hits="0" number="72"/>
                  <line hits="0" number="73"/>
               </lines>
            </class>
            <class branch-rate="NaN" complexity="NaN"
                   filename="PhysicalQuantity\framework\PhysicalDimension.m"
                   line-rate="0.64238"
                   name="PhysicalDimension">
               <methods>
                  <method branch-rate="NaN" line-rate="0" name="PhysicalDimension"
                          signature="obj = PhysicalDimension(varargin)">
                     <lines>
                        <line hits="0" number="27"/>
                        <line hits="0" number="28"/>
                        <line hits="0" number="31"/>
                        <line hits="0" number="33"/>
                        <line hits="0" number="36"/>
                        <line hits="0" number="37"/>
                        <line hits="0" number="40"/>
                        <line hits="0" number="41"/>
                        <line hits="0" number="42"/>
                        <line hits="0" number="46"/>
                        <line hits="0" number="48"/>
                        <line hits="0" number="49"/>
                        <line hits="0" number="50"/>
                        <line hits="0" number="51"/>
                        <line hits="0" number="53"/>
                        <line hits="0" number="57"/>
                        <line hits="0" number="58"/>
                        <line hits="0" number="61"/>
                        <line hits="0" number="62"/>
                        <line hits="0" number="64"/>
                        <line hits="0" number="66"/>
                        <line hits="0" number="67"/>
                        <line hits="0" number="69"/>
                        <line hits="0" number="71"/>
                        <line hits="0" number="73"/>
                        <line hits="0" number="74"/>
                        <line hits="0" number="76"/>
                        <line hits="0" number="77"/>
                     </lines>
                  </method>
                  <method branch-rate="NaN" line-rate="1" name="isequal"
                          signature="yn = isequal(varargin)">
                     <lines>
                        <line hits="2621" number="85"/>
                        <line hits="2621" number="86"/>
                        <line hits="2771" number="87"/>
                        <line hits="800" number="88"/>
                     </lines>
                  </method>
                  <method branch-rate="NaN" line-rate="1" name="ne" signature="yn = ne(this, that)">
                     <lines>
                        <line hits="2771" number="92"/>
                     </lines>
                  </method>
                  <method branch-rate="NaN" line-rate="1" name="eq" signature="yn = eq(this, that)">
                     <lines>
                        <line hits="2771" number="97"/>
                        <line hits="2771" number="98"/>
                        <line hits="16" number="99"/>
                        <line hits="2755" number="101"/>
                        <line hits="2755" number="104"/>
                        <line hits="2755" number="105"/>
                        <line hits="2755" number="107"/>
                     </lines>
                  </method>
                  <method branch-rate="NaN" line-rate="0" name="uplus" signature="obj = uplus(obj)">
                     <lines>
                        <line hits="0" number="115"/>
                        <line hits="0" number="116"/>
                        <line hits="0" number="117"/>
                        <line hits="0" number="118"/>
                        <line hits="0" number="119"/>
                     </lines>
                  </method>
                  <method branch-rate="NaN" line-rate="0" name="uminus" signature="obj = uminus(obj)">
                     <lines>
                        <line hits="0" number="123"/>
                        <line hits="0" number="124"/>
                        <line hits="0" number="125"/>
                        <line hits="0" number="126"/>
                        <line hits="0" number="127"/>
                     </lines>
                  </method>
                  <method branch-rate="NaN" line-rate="0.8" name="plus"
                          signature="obj = plus(this, that)">
                     <lines>
                        <line hits="83" number="134"/>
                        <line hits="83" number="135"/>
                        <line hits="83" number="136"/>
                        <line hits="83" number="137"/>
                        <line hits="83" number="139"/>
                        <line hits="83" number="141"/>
                        <line hits="83" number="142"/>
                        <line hits="664" number="143"/>
                        <line hits="0" number="144"/>
                        <line hits="0" number="145"/>
                     </lines>
                  </method>
                  <method branch-rate="NaN" line-rate="0.8" name="minus"
                          signature="obj = minus(this, that)">
                     <lines>
                        <line hits="28" number="149"/>
                        <line hits="28" number="150"/>
                        <line hits="28" number="151"/>
                        <line hits="28" number="152"/>
                        <line hits="28" number="154"/>
                        <line hits="28" number="156"/>
                        <line hits="28" number="157"/>
                        <line hits="224" number="158"/>
                        <line hits="0" number="159"/>
                        <line hits="0" number="160"/>
                     </lines>
                  </method>
                  <method branch-rate="NaN" line-rate="1" name="sum" signature="new_obj = sum(obj)">
                     <lines>
                        <line hits="1665" number="164"/>
                        <line hits="1665" number="165"/>
                        <line hits="61" number="166"/>
                     </lines>
                  </method>
                  <method branch-rate="NaN" line-rate="0.85714" name="times"
                          signature="obj = times(this, that)">
                     <lines>
                        <line hits="1668" number="172"/>
                        <line hits="1668" number="173"/>
                        <line hits="1668" number="174"/>
                        <line hits="1668" number="175"/>
                        <line hits="1668" number="177"/>
                        <line hits="1668" number="179"/>
                        <line hits="0" number="180"/>
                        <line hits="1668" number="183"/>
                        <line hits="1668" number="184"/>
                        <line hits="1668" number="185"/>
                        <line hits="61" number="187"/>
                        <line hits="61" number="188"/>
                        <line hits="61" number="191"/>
                        <line hits="122" number="192"/>
                        <line hits="854" number="193"/>
                        <line hits="1607" number="196"/>
                        <line hits="1607" number="197"/>
                        <line hits="1607" number="198"/>
                        <line hits="11249" number="199"/>
                        <line hits="0" number="203"/>
                        <line hits="0" number="204"/>
                     </lines>
                  </method>
                  <method branch-rate="NaN" line-rate="1" name="mtimes"
                          signature="obj = mtimes(this, that)">
                     <lines>
                        <line hits="3" number="208"/>
                     </lines>
                  </method>
                  <method branch-rate="NaN" line-rate="1" name="nnz" signature="nz = nnz(obj)">
                     <lines>
                        <line hits="2030" number="213"/>
                        <line hits="2030" number="214"/>
                     </lines>
                  </method>
                  <method branch-rate="NaN" line-rate="1" name="SiBaseUnit"
                          signature="[units, powers] = SiBaseUnit(obj)">
                     <lines>
                        <line hits="4350" number="220"/>
                        <line hits="4350" number="222"/>
                        <line hits="4350" number="223"/>
                        <line hits="3837" number="224"/>
                        <line hits="3837" number="226"/>
                        <line hits="3837" number="228"/>
                        <line hits="3837" number="229"/>
                        <line hits="8003" number="230"/>
                        <line hits="3837" number="232"/>
                        <line hits="513" number="234"/>
                        <line hits="513" number="235"/>
                        <line hits="513" number="236"/>
                     </lines>
                  </method>
                  <method branch-rate="NaN" line-rate="0.78378" name="char" signature="str = char(obj)">
                     <lines>
                        <line hits="3422" number="244"/>
                        <line hits="3422" number="247"/>
                        <line hits="658" number="248"/>
                        <line hits="2764" number="251"/>
                        <line hits="2764" number="254"/>
                        <line hits="2764" number="255"/>
                        <line hits="19348" number="257"/>
                        <line hits="19348" number="258"/>
                        <line hits="4694" number="260"/>
                        <line hits="4694" number="263"/>
                        <line hits="4694" number="265"/>
                        <line hits="4694" number="266"/>
                        <line hits="2036" number="267"/>
                        <line hits="0" number="270"/>
                        <line hits="0" number="273"/>
                        <line hits="0" number="274"/>
                        <line hits="0" number="275"/>
                        <line hits="0" number="276"/>
                        <line hits="0" number="277"/>
                        <line hits="0" number="279"/>
                        <line hits="0" number="280"/>
                        <line hits="4694" number="285"/>
                        <line hits="2764" number="292"/>
                        <line hits="3422" number="297"/>
                        <line hits="919" number="298"/>
                        <line hits="4694" number="303"/>
                        <line hits="4694" number="304"/>
                        <line hits="4694" number="306"/>
                        <line hits="5986" number="307"/>
                        <line hits="5986" number="308"/>
                        <line hits="5986" number="309"/>
                        <line hits="4694" number="310"/>
                        <line hits="4694" number="311"/>
                        <line hits="1716" number="312"/>
                        <line hits="304" number="313"/>
                        <line hits="36" number="314"/>
                        <line hits="36" number="315"/>
                     </lines>
                  </method>
                  <method branch-rate="NaN" line-rate="0" name="string" signature="str = string(obj)">
                     <lines>
                        <line hits="0" number="323"/>
                     </lines>
                  </method>
                  <method branch-rate="NaN" line-rate="1" name="getPropertyList"
                          signature="[props, dims, counter] = getPropertyList(obj)">
                     <lines>
                        <line hits="16980" number="335"/>
                        <line hits="16980" number="336"/>
                        <line hits="16980" number="338"/>
                        <line hits="16980" number="339"/>
                     </lines>
                  </method>
               </methods>
               <lines>
                  <line hits="0" number="27"/>
                  <line hits="0" number="28"/>
                  <line hits="0" number="31"/>
                  <line hits="0" number="33"/>
                  <line hits="0" number="36"/>
                  <line hits="0" number="37"/>
                  <line hits="0" number="40"/>
                  <line hits="0" number="41"/>
                  <line hits="0" number="42"/>
                  <line hits="0" number="46"/>
                  <line hits="0" number="48"/>
                  <line hits="0" number="49"/>
                  <line hits="0" number="50"/>
                  <line hits="0" number="51"/>
                  <line hits="0" number="53"/>
                  <line hits="0" number="57"/>
                  <line hits="0" number="58"/>
                  <line hits="0" number="61"/>
                  <line hits="0" number="62"/>
                  <line hits="0" number="64"/>
                  <line hits="0" number="66"/>
                  <line hits="0" number="67"/>
                  <line hits="0" number="69"/>
                  <line hits="0" number="71"/>
                  <line hits="0" number="73"/>
                  <line hits="0" number="74"/>
                  <line hits="0" number="76"/>
                  <line hits="0" number="77"/>
                  <line hits="2621" number="85"/>
                  <line hits="2621" number="86"/>
                  <line hits="2771" number="87"/>
                  <line hits="800" number="88"/>
                  <line hits="2771" number="92"/>
                  <line hits="2771" number="97"/>
                  <line hits="2771" number="98"/>
                  <line hits="16" number="99"/>
                  <line hits="2755" number="101"/>
                  <line hits="2755" number="104"/>
                  <line hits="2755" number="105"/>
                  <line hits="2755" number="107"/>
                  <line hits="0" number="115"/>
                  <line hits="0" number="116"/>
                  <line hits="0" number="117"/>
                  <line hits="0" number="118"/>
                  <line hits="0" number="119"/>
[...]
                  <line hits="2" number="33"/>
                  <line hits="2" number="34"/>
                  <line hits="62" number="37"/>
                  <line hits="31" number="38"/>
                  <line hits="31" number="39"/>
                  <line hits="31" number="40"/>
                  <line hits="31" number="41"/>
                  <line hits="31" number="42"/>
               </lines>
            </class>
            <class branch-rate="NaN" complexity="NaN"
                   filename="PhysicalQuantity\framework\@PhysicalQuantityInterface\plot.m"
                   line-rate="0"
                   name="PhysicalQuantityInterface\plot">
               <methods/>
               <lines>
                  <line hits="0" number="3"/>
                  <line hits="0" number="4"/>
                  <line hits="0" number="6"/>
                  <line hits="0" number="7"/>
                  <line hits="0" number="8"/>
                  <line hits="0" number="12"/>
                  <line hits="0" number="13"/>
                  <line hits="0" number="14"/>
                  <line hits="0" number="15"/>
                  <line hits="0" number="17"/>
                  <line hits="0" number="18"/>
                  <line hits="0" number="22"/>
                  <line hits="0" number="23"/>
                  <line hits="0" number="24"/>
               </lines>
            </class>
            <class branch-rate="NaN" complexity="NaN"
                   filename="PhysicalQuantity\framework\@PhysicalQuantityInterface\resetUnit.m"
                   line-rate="0"
                   name="PhysicalQuantityInterface\resetUnit">
               <methods/>
               <lines>
                  <line hits="0" number="16"/>
               </lines>
            </class>
            <class branch-rate="NaN" complexity="NaN"
                   filename="PhysicalQuantity\framework\@PhysicalQuantityInterface\subsref.m"
                   line-rate="0.8125"
                   name="PhysicalQuantityInterface\subsref">
               <methods/>
               <lines>
                  <line hits="1375" number="5"/>
                  <line hits="1375" number="7"/>
                  <line hits="1375" number="8"/>
                  <line hits="1375" number="13"/>
                  <line hits="1" number="14"/>
                  <line hits="1" number="15"/>
                  <line hits="0" number="16"/>
                  <line hits="1" number="18"/>
                  <line hits="1" number="19"/>
                  <line hits="1" number="20"/>
                  <line hits="1374" number="23"/>
                  <line hits="1374" number="24"/>
                  <line hits="1374" number="25"/>
                  <line hits="1374" number="26"/>
                  <line hits="0" number="29"/>
                  <line hits="0" number="30"/>
               </lines>
            </class>
            <class branch-rate="NaN" complexity="NaN"
                   filename="PhysicalVectorQuantity\framework\@PhysicalVectorQuantity\PhysicalVectorQuantity.m"
                   line-rate="0"
                   name="PhysicalVectorQuantity">
               <methods>
                  <method branch-rate="NaN" line-rate="0" name="PhysicalVectorQuantity"
                          signature="obj = PhysicalVectorQuantity(varargin)">
                     <lines>
                        <line hits="0" number="34"/>
                        <line hits="0" number="37"/>
                        <line hits="0" number="38"/>
                        <line hits="0" number="41"/>
                        <line hits="0" number="42"/>
                        <line hits="0" number="46"/>
                        <line hits="0" number="47"/>
                        <line hits="0" number="48"/>
                        <line hits="0" number="49"/>
                        <line hits="0" number="52"/>
                        <line hits="0" number="54"/>
                        <line hits="0" number="55"/>
                        <line hits="0" number="58"/>
                        <line hits="0" number="59"/>
                        <line hits="0" number="62"/>
                        <line hits="0" number="64"/>
                        <line hits="0" number="67"/>
                        <line hits="0" number="69"/>
                        <line hits="0" number="71"/>
                        <line hits="0" number="72"/>
                        <line hits="0" number="76"/>
                        <line hits="0" number="78"/>
                        <line hits="0" number="79"/>
                        <line hits="0" number="80"/>
                        <line hits="0" number="84"/>
                        <line hits="0" number="86"/>
                        <line hits="0" number="87"/>
                        <line hits="0" number="88"/>
                        <line hits="0" number="90"/>
                        <line hits="0" number="91"/>
                        <line hits="0" number="94"/>
                        <line hits="0" number="96"/>
                        <line hits="0" number="97"/>
                        <line hits="0" number="101"/>
                        <line hits="0" number="102"/>
                        <line hits="0" number="103"/>
                        <line hits="0" number="104"/>
                        <line hits="0" number="106"/>
                        <line hits="0" number="109"/>
                        <line hits="0" number="110"/>
                        <line hits="0" number="112"/>
                        <line hits="0" number="115"/>
                        <line hits="0" number="116"/>
                     </lines>
                  </method>
                  <method branch-rate="NaN" line-rate="NaN" name="disp" signature="disp(obj)">
                     <lines/>
                  </method>
                  <method branch-rate="NaN" line-rate="0" name="eq" signature="yn = eq(this, that)">
                     <lines>
                        <line hits="0" number="139"/>
                        <line hits="0" number="140"/>
                        <line hits="0" number="141"/>
                     </lines>
                  </method>
                  <method branch-rate="NaN" line-rate="0" name="ne" signature="yn = ne(this, that)">
                     <lines>
                        <line hits="0" number="145"/>
                        <line hits="0" number="146"/>
                        <line hits="0" number="147"/>
                     </lines>
                  </method>
                  <method branch-rate="NaN" line-rate="0" name="lt" signature="yn = lt(this, that)">
                     <lines>
                        <line hits="0" number="151"/>
                        <line hits="0" number="152"/>
                        <line hits="0" number="153"/>
                     </lines>
                  </method>
                  <method branch-rate="NaN" line-rate="0" name="le" signature="yn = le(this, that)">
                     <lines>
                        <line hits="0" number="157"/>
                        <line hits="0" number="158"/>
                        <line hits="0" number="159"/>
                     </lines>
                  </method>
                  <method branch-rate="NaN" line-rate="0" name="gt" signature="yn = gt(this, that)">
                     <lines>
                        <line hits="0" number="163"/>
                        <line hits="0" number="164"/>
                        <line hits="0" number="165"/>
                     </lines>
                  </method>
                  <method branch-rate="NaN" line-rate="0" name="ge" signature="yn = ge(this, that)">
                     <lines>
                        <line hits="0" number="169"/>
                        <line hits="0" number="170"/>
                        <line hits="0" number="171"/>
                     </lines>
                  </method>
                  <method branch-rate="NaN" line-rate="0" name="abs" signature="obj = abs(obj)">
                     <lines>
                        <line hits="0" number="178"/>
                        <line hits="0" number="179"/>
                        <line hits="0" number="180"/>
                        <line hits="0" number="181"/>
                        <line hits="0" number="183"/>
                     </lines>
                  </method>
                  <method branch-rate="NaN" line-rate="0" name="sign" signature="s = sign(obj)">
                     <lines>
                        <line hits="0" number="187"/>
                        <line hits="0" number="188"/>
                     </lines>
                  </method>
                  <method branch-rate="NaN" line-rate="0" name="uplus" signature="obj = uplus(obj)">
                     <lines>
                        <line hits="0" number="196"/>
                        <line hits="0" number="197"/>
                        <line hits="0" number="198"/>
                        <line hits="0" number="199"/>
                        <line hits="0" number="201"/>
                     </lines>
                  </method>
                  <method branch-rate="NaN" line-rate="0" name="uminus" signature="obj = uminus(obj)">
                     <lines>
                        <line hits="0" number="205"/>
                        <line hits="0" number="206"/>
                        <line hits="0" number="207"/>
                        <line hits="0" number="208"/>
                        <line hits="0" number="210"/>
                     </lines>
                  </method>
                  <method branch-rate="NaN" line-rate="0" name="plus"
                          signature="new = plus(this, that, ~)">
                     <lines>
                        <line hits="0" number="217"/>
                        <line hits="0" number="219"/>
                        <line hits="0" number="220"/>
                        <line hits="0" number="223"/>
                        <line hits="0" number="224"/>
                        <line hits="0" number="225"/>
                        <line hits="0" number="227"/>
                        <line hits="0" number="230"/>
                        <line hits="0" number="231"/>
                        <line hits="0" number="232"/>
                        <line hits="0" number="233"/>
                        <line hits="0" number="235"/>
                        <line hits="0" number="236"/>
                     </lines>
                  </method>
                  <method branch-rate="NaN" line-rate="0" name="minus"
                          signature="new = minus(this, that)">
                     <lines>
                        <line hits="0" number="240"/>
                     </lines>
                  </method>
                  <method branch-rate="NaN" line-rate="0" name="double" signature="val = double(obj)">
                     <lines>
                        <line hits="0" number="253"/>
                        <line hits="0" number="254"/>
                        <line hits="0" number="255"/>
                        <line hits="0" number="256"/>
                     </lines>
                  </method>
                  <method branch-rate="NaN" line-rate="0" name="single" signature="val = single(obj)">
                     <lines>
                        <line hits="0" number="260"/>
                        <line hits="0" number="261"/>
                        <line hits="0" number="262"/>
                        <line hits="0" number="263"/>
                     </lines>
                  </method>
                  <method branch-rate="NaN" line-rate="NaN" name="norm" signature="N = norm(obj)">
                     <lines/>
                  </method>
                  <method branch-rate="NaN" line-rate="NaN" name="dot" signature="dot(this, other)">
                     <lines/>
                  </method>
                  <method branch-rate="NaN" line-rate="NaN" name="cross" signature="cross(this, other)">
                     <lines/>
                  </method>
                  <method branch-rate="NaN" line-rate="NaN" name="unitVector" signature="unitVector(obj)">
                     <lines/>
                  </method>
                  <method branch-rate="NaN" line-rate="NaN" name="columnVector"
                          signature="columnVector(obj)">
                     <lines/>
                  </method>
                  <method branch-rate="NaN" line-rate="NaN" name="rowVector" signature="rowVector(obj)">
                     <lines/>
                  </method>
               </methods>
               <lines>
                  <line hits="0" number="34"/>
                  <line hits="0" number="37"/>
                  <line hits="0" number="38"/>
                  <line hits="0" number="41"/>
                  <line hits="0" number="42"/>
                  <line hits="0" number="46"/>
                  <line hits="0" number="47"/>
                  <line hits="0" number="48"/>
                  <line hits="0" number="49"/>
                  <line hits="0" number="52"/>
                  <line hits="0" number="54"/>
                  <line hits="0" number="55"/>
                  <line hits="0" number="58"/>
                  <line hits="0" number="59"/>
                  <line hits="0" number="62"/>
                  <line hits="0" number="64"/>
                  <line hits="0" number="67"/>
                  <line hits="0" number="69"/>
                  <line hits="0" number="71"/>
                  <line hits="0" number="72"/>
                  <line hits="0" number="76"/>
                  <line hits="0" number="78"/>
                  <line hits="0" number="79"/>
                  <line hits="0" number="80"/>
                  <line hits="0" number="84"/>
                  <line hits="0" number="86"/>
                  <line hits="0" number="87"/>
                  <line hits="0" number="88"/>
                  <line hits="0" number="90"/>
                  <line hits="0" number="91"/>
                  <line hits="0" number="94"/>
                  <line hits="0" number="96"/>
                  <line hits="0" number="97"/>
                  <line hits="0" number="101"/>
                  <line hits="0" number="102"/>
                  <line hits="0" number="103"/>
                  <line hits="0" number="104"/>
                  <line hits="0" number="106"/>
                  <line hits="0" number="109"/>
                  <line hits="0" number="110"/>
                  <line hits="0" number="112"/>
                  <line hits="0" number="115"/>
                  <line hits="0" number="116"/>
                  <line hits="0" number="139"/>
                  <line hits="0" number="140"/>
                  <line hits="0" number="141"/>
                  <line hits="0" number="145"/>
                  <line hits="0" number="146"/>
                  <line hits="0" number="147"/>
                  <line hits="0" number="151"/>
                  <line hits="0" number="152"/>
                  <line hits="0" number="153"/>
                  <line hits="0" number="157"/>
                  <line hits="0" number="158"/>
                  <line hits="0" number="159"/>
                  <line hits="0" number="163"/>
                  <line hits="0" number="164"/>
                  <line hits="0" number="165"/>
                  <line hits="0" number="169"/>
                  <line hits="0" number="170"/>
                  <line hits="0" number="171"/>
                  <line hits="0" number="178"/>
                  <line hits="0" number="179"/>
                  <line hits="0" number="180"/>
                  <line hits="0" number="181"/>
                  <line hits="0" number="183"/>
                  <line hits="0" number="187"/>
                  <line hits="0" number="188"/>
                  <line hits="0" number="196"/>
                  <line hits="0" number="197"/>
                  <line hits="0" number="198"/>
                  <line hits="0" number="199"/>
                  <line hits="0" number="201"/>
                  <line hits="0" number="205"/>
                  <line hits="0" number="206"/>
                  <line hits="0" number="207"/>
                  <line hits="0" number="208"/>
                  <line hits="0" number="210"/>
                  <line hits="0" number="217"/>
                  <line hits="0" number="219"/>
                  <line hits="0" number="220"/>
                  <line hits="0" number="223"/>
                  <line hits="0" number="224"/>
                  <line hits="0" number="225"/>
                  <line hits="0" number="227"/>
                  <line hits="0" number="230"/>
                  <line hits="0" number="231"/>
                  <line hits="0" number="232"/>
                  <line hits="0" number="233"/>
                  <line hits="0" number="235"/>
                  <line hits="0" number="236"/>
                  <line hits="0" number="240"/>
                  <line hits="0" number="253"/>
                  <line hits="0" number="254"/>
                  <line hits="0" number="255"/>
                  <line hits="0" number="256"/>
                  <line hits="0" number="260"/>
                  <line hits="0" number="261"/>
                  <line hits="0" number="262"/>
                  <line hits="0" number="263"/>
                  <line hits="0" number="322"/>
                  <line hits="0" number="323"/>
                  <line hits="0" number="324"/>
                  <line hits="0" number="326"/>
               </lines>
            </class>
            <class branch-rate="NaN" complexity="NaN"
                   filename="PhysicalVectorQuantity\framework\@PhysicalVectorQuantity\disp.m"
                   line-rate="0"
                   name="PhysicalVectorQuantity\disp">
               <methods/>
               <lines>
                  <line hits="0" number="3"/>
                  <line hits="0" number="4"/>
                  <line hits="0" number="5"/>
                  <line hits="0" number="7"/>
                  <line hits="0" number="9"/>
                  <line hits="0" number="10"/>
                  <line hits="0" number="11"/>
                  <line hits="0" number="13"/>
                  <line hits="0" number="15"/>
               </lines>
            </class>
            <class branch-rate="NaN" complexity="NaN"
                   filename="test\PhysicalQuantity\private\all_quantities.m"
                   line-rate="0"
                   name="all_quantities">
               <methods/>
               <lines>
                  <line hits="0" number="4"/>
                  <line hits="0" number="5"/>
                  <line hits="0" number="6"/>
                  <line hits="0" number="7"/>
                  <line hits="0" number="11"/>
               </lines>
            </class>
            <class branch-rate="NaN" complexity="NaN"
                   filename="test\PhysicalQuantity\private\apply_test_fixtures.m"
                   line-rate="1"
                   name="apply_test_fixtures">
               <methods/>
               <lines>
                  <line hits="8" number="4"/>
                  <line hits="8" number="5"/>
                  <line hits="8" number="6"/>
                  <line hits="8" number="9"/>
                  <line hits="8" number="10"/>
                  <line hits="8" number="11"/>
               </lines>
            </class>
            <class branch-rate="NaN" complexity="NaN"
                   filename="test\PhysicalQuantity\private\get_quantities_dir.m"
                   line-rate="0"
                   name="get_quantities_dir">
               <methods/>
               <lines>
                  <line hits="0" number="2"/>
               </lines>
            </class>
         </classes>
      </package>
   </packages>
</coverage>